app/build/outputs/logs/manifest-merger-debug-report.txt
-- Merging decision tree log ---
manifest
ADDED from src/main/AndroidManifest.xml:2:1-295:12
INJECTED from src/main/AndroidManifest.xml:2:1-295:12
INJECTED from src/main/AndroidManifest.xml:2:1-295:12
INJECTED from src/main/AndroidManifest.xml:2:1-295:12
MERGED from [androidx.databinding:databinding-adapters:3.2.1] AndroidManifest.xml:17:1-24:12
MERGED from [androidx.databinding:databinding-runtime:3.2.1] AndroidManifest.xml:17:1-24:12
MERGED from [androidx.multidex:multidex:2.0.0] AndroidManifest.xml:17:1-22:12
MERGED from [com.fivehundredpx:greedo-layout:1.1.0] AndroidManifest.xml:2:1-14:12
MERGED from [io.github.luizgrp.sectionedrecyclerviewadapter:sectionedrecyclerviewadapter:1.1.3] AndroidManifest.xml:2:1-14:12
MERGED from [com.github.ittianyu:BottomNavigationViewEx:2.0.4] AndroidManifest.xml:2:1-14:12
MERGED from [com.google.android.material:material:1.0.0] AndroidManifest.xml:17:1-24:12
MERGED from [androidx.appcompat:appcompat:1.0.0] AndroidManifest.xml:17:1-22:12
MERGED from [androidx.constraintlayout:constraintlayout:1.1.3] AndroidManifest.xml:2:1-11:12
MERGED from [com.google.android.gms:play-services-location:11.8.0] AndroidManifest.xml:2:1-9:12
MERGED from [com.google.android.gms:play-services-base:11.8.0] AndroidManifest.xml:17:1-29:12
MERGED from [com.google.android.gms:play-services-tasks:11.8.0] AndroidManifest.xml:2:1-9:12
MERGED from [com.google.android.gms:play-services-basement:11.8.0] AndroidManifest.xml:17:1-28:12
MERGED from [androidx.legacy:legacy-support-v4:1.0.0] AndroidManifest.xml:17:1-22:12
MERGED from [org.apmem.tools:layouts:1.10] AndroidManifest.xml:2:1-11:12
MERGED from [com.jakewharton:butterknife:10.0.0] AndroidManifest.xml:2:1-7:12
MERGED from [androidx.vectordrawable:vectordrawable-animated:1.0.0] AndroidManifest.xml:17:1-22:12
MERGED from [androidx.vectordrawable:vectordrawable:1.0.0] AndroidManifest.xml:17:1-22:12
MERGED from [de.hdodenhof:circleimageview:2.1.0] AndroidManifest.xml:2:1-11:12
MERGED from [com.android.volley:volley:1.1.0] AndroidManifest.xml:2:1-11:12
MERGED from [com.github.bumptech.glide:glide:4.6.1] AndroidManifest.xml:2:1-13:12
MERGED from [net.yslibrary.keyboardvisibilityevent:keyboardvisibilityevent:2.1.0] AndroidManifest.xml:2:1-12:12
MERGED from [io.reactivex:rxandroid:1.2.0] AndroidManifest.xml:15:1-21:12
MERGED from [androidx.cardview:cardview:1.0.0] AndroidManifest.xml:17:1-22:12
MERGED from [androidx.paging:paging-runtime:2.0.0-rc01] AndroidManifest.xml:17:1-22:12
MERGED from [androidx.lifecycle:lifecycle-extensions:2.0.0-rc01] AndroidManifest.xml:17:1-25:12
MERGED from [com.scwang.smartrefresh:SmartRefreshLayout:1.1.0] AndroidManifest.xml:2:1-17:12
MERGED from [com.scwang.smartrefresh:SmartRefreshHeader:1.1.0] AndroidManifest.xml:2:1-17:12
MERGED from [com.daimajia.swipelayout:library:1.2.0] AndroidManifest.xml:2:1-10:12
MERGED from [com.jakewharton:butterknife-runtime:10.0.0] AndroidManifest.xml:2:1-7:12
MERGED from [androidx.recyclerview:recyclerview:1.0.0] AndroidManifest.xml:17:1-22:12
MERGED from [androidx.fragment:fragment:1.0.0] AndroidManifest.xml:17:1-22:12
MERGED from [androidx.legacy:legacy-support-core-ui:1.0.0] AndroidManifest.xml:17:1-22:12
MERGED from [androidx.legacy:legacy-support-core-utils:1.0.0] AndroidManifest.xml:17:1-22:12
MERGED from [androidx.loader:loader:1.0.0] AndroidManifest.xml:17:1-22:12
MERGED from [androidx.viewpager:viewpager:1.0.0] AndroidManifest.xml:17:1-22:12
MERGED from [androidx.coordinatorlayout:coordinatorlayout:1.0.0] AndroidManifest.xml:17:1-22:12
MERGED from [androidx.drawerlayout:drawerlayout:1.0.0] AndroidManifest.xml:17:1-22:12
MERGED from [androidx.slidingpanelayout:slidingpanelayout:1.0.0] AndroidManifest.xml:17:1-22:12
MERGED from [androidx.customview:customview:1.0.0] AndroidManifest.xml:17:1-22:12
MERGED from [androidx.swiperefreshlayout:swiperefreshlayout:1.0.0] AndroidManifest.xml:17:1-22:12
MERGED from [androidx.asynclayoutinflater:asynclayoutinflater:1.0.0] AndroidManifest.xml:17:1-22:12
MERGED from [androidx.transition:transition:1.0.0] AndroidManifest.xml:17:1-22:12
MERGED from [androidx.media:media:1.0.0] AndroidManifest.xml:17:1-22:12
MERGED from [androidx.core:core:1.0.0] AndroidManifest.xml:17:1-24:12
MERGED from [androidx.lifecycle:lifecycle-process:2.0.0-rc01] AndroidManifest.xml:17:1-30:12
MERGED from [androidx.lifecycle:lifecycle-service:2.0.0-rc01] AndroidManifest.xml:17:1-22:12
MERGED from [androidx.lifecycle:lifecycle-runtime:2.0.0] AndroidManifest.xml:17:1-22:12
MERGED from [androidx.versionedparcelable:versionedparcelable:1.0.0] AndroidManifest.xml:17:1-25:12
MERGED from [androidx.cursoradapter:cursoradapter:1.0.0] AndroidManifest.xml:17:1-22:12
MERGED from [androidx.documentfile:documentfile:1.0.0] AndroidManifest.xml:17:1-22:12
MERGED from [androidx.localbroadcastmanager:localbroadcastmanager:1.0.0] AndroidManifest.xml:17:1-22:12
MERGED from [androidx.print:print:1.0.0] AndroidManifest.xml:17:1-22:12
MERGED from [androidx.interpolator:interpolator:1.0.0] AndroidManifest.xml:17:1-22:12
MERGED from [androidx.lifecycle:lifecycle-viewmodel:2.0.0] AndroidManifest.xml:17:1-22:12
MERGED from [androidx.lifecycle:lifecycle-livedata:2.0.0] AndroidManifest.xml:17:1-22:12
MERGED from [androidx.lifecycle:lifecycle-livedata-core:2.0.0] AndroidManifest.xml:17:1-22:12
MERGED from [androidx.arch.core:core-runtime:2.0.0] AndroidManifest.xml:17:1-22:12
MERGED from [com.github.bumptech.glide:gifdecoder:4.6.1] AndroidManifest.xml:2:1-11:12
MERGED from [com.google.android.gms:play-services-location-license:11.8.0] AndroidManifest.xml:2:1-6:12
MERGED from [com.google.android.gms:play-services-base-license:11.8.0] AndroidManifest.xml:2:1-6:12
MERGED from [com.google.android.gms:play-services-basement-license:11.8.0] AndroidManifest.xml:2:1-6:12
MERGED from [com.google.android.gms:play-services-tasks-license:11.8.0] AndroidManifest.xml:2:1-6:12
INJECTED from src/main/AndroidManifest.xml:2:1-295:12
INJECTED from src/main/AndroidManifest.xml:2:1-295:12
INJECTED from src/main/AndroidManifest.xml:2:1-295:12
	package
		ADDED from src/main/AndroidManifest.xml:3:5-39
		INJECTED from src/main/AndroidManifest.xml
		INJECTED from src/main/AndroidManifest.xml
	android:versionName
		INJECTED from src/main/AndroidManifest.xml
		ADDED from src/main/AndroidManifest.xml:2:1-295:12
		INJECTED from src/main/AndroidManifest.xml
	android:versionCode
		INJECTED from src/main/AndroidManifest.xml
		ADDED from src/main/AndroidManifest.xml:2:1-295:12
		INJECTED from src/main/AndroidManifest.xml
	xmlns:android
		ADDED from src/main/AndroidManifest.xml:2:11-69
uses-permission#android.permission.ACCESS_NETWORK_STATE
ADDED from src/main/AndroidManifest.xml:5:5-79
	android:name
		ADDED from src/main/AndroidManifest.xml:5:22-76
uses-permission#android.permission.ACCESS_WIFI_STATE
ADDED from src/main/AndroidManifest.xml:6:5-76
	android:name
		ADDED from src/main/AndroidManifest.xml:6:22-73
uses-permission#android.permission.INTERNET
ADDED from src/main/AndroidManifest.xml:7:5-67
	android:name
		ADDED from src/main/AndroidManifest.xml:7:22-64
uses-permission#android.permission.CAMERA
ADDED from src/main/AndroidManifest.xml:8:5-65
	android:name
		ADDED from src/main/AndroidManifest.xml:8:22-62
uses-permission#android.permission.ACCESS_FINE_LOCATION
ADDED from src/main/AndroidManifest.xml:9:5-79
	android:name
		ADDED from src/main/AndroidManifest.xml:9:22-76
uses-permission#android.permission.ACCESS_COARSE_LOCATION
ADDED from src/main/AndroidManifest.xml:10:5-81
	android:name
		ADDED from src/main/AndroidManifest.xml:10:22-78
uses-feature#android.hardware.camera
ADDED from src/main/AndroidManifest.xml:12:5-60
	android:name
		ADDED from src/main/AndroidManifest.xml:12:19-57
uses-feature#android.hardware.camera.autofocus
ADDED from src/main/AndroidManifest.xml:13:5-70
	android:name
		ADDED from src/main/AndroidManifest.xml:13:19-67
uses-permission#android.permission.WRITE_EXTERNAL_STORAGE
ADDED from src/main/AndroidManifest.xml:14:5-81
	android:name
		ADDED from src/main/AndroidManifest.xml:14:22-78
uses-permission#android.permission.READ_EXTERNAL_STORAGE
ADDED from src/main/AndroidManifest.xml:15:5-80
	android:name
		ADDED from src/main/AndroidManifest.xml:15:22-77
application
ADDED from src/main/AndroidManifest.xml:17:5-293:19
MERGED from [com.fivehundredpx:greedo-layout:1.1.0] AndroidManifest.xml:12:5-20
MERGED from [com.fivehundredpx:greedo-layout:1.1.0] AndroidManifest.xml:12:5-20
MERGED from [io.github.luizgrp.sectionedrecyclerviewadapter:sectionedrecyclerviewadapter:1.1.3] AndroidManifest.xml:11:5-12:19
MERGED from [io.github.luizgrp.sectionedrecyclerviewadapter:sectionedrecyclerviewadapter:1.1.3] AndroidManifest.xml:11:5-12:19
MERGED from [com.github.ittianyu:BottomNavigationViewEx:2.0.4] AndroidManifest.xml:11:5-12:19
MERGED from [com.github.ittianyu:BottomNavigationViewEx:2.0.4] AndroidManifest.xml:11:5-12:19
MERGED from [com.google.android.material:material:1.0.0] AndroidManifest.xml:22:5-20
MERGED from [com.google.android.material:material:1.0.0] AndroidManifest.xml:22:5-20
MERGED from [androidx.constraintlayout:constraintlayout:1.1.3] AndroidManifest.xml:9:5-20
MERGED from [androidx.constraintlayout:constraintlayout:1.1.3] AndroidManifest.xml:9:5-20
MERGED from [com.google.android.gms:play-services-location:11.8.0] AndroidManifest.xml:7:5-20
MERGED from [com.google.android.gms:play-services-location:11.8.0] AndroidManifest.xml:7:5-20
MERGED from [com.google.android.gms:play-services-base:11.8.0] AndroidManifest.xml:22:5-27:19
MERGED from [com.google.android.gms:play-services-base:11.8.0] AndroidManifest.xml:22:5-27:19
MERGED from [com.google.android.gms:play-services-tasks:11.8.0] AndroidManifest.xml:7:5-20
MERGED from [com.google.android.gms:play-services-tasks:11.8.0] AndroidManifest.xml:7:5-20
MERGED from [com.google.android.gms:play-services-basement:11.8.0] AndroidManifest.xml:22:5-26:19
MERGED from [com.google.android.gms:play-services-basement:11.8.0] AndroidManifest.xml:22:5-26:19
MERGED from [de.hdodenhof:circleimageview:2.1.0] AndroidManifest.xml:9:5-20
MERGED from [de.hdodenhof:circleimageview:2.1.0] AndroidManifest.xml:9:5-20
MERGED from [com.android.volley:volley:1.1.0] AndroidManifest.xml:9:5-20
MERGED from [com.android.volley:volley:1.1.0] AndroidManifest.xml:9:5-20
MERGED from [com.github.bumptech.glide:glide:4.6.1] AndroidManifest.xml:11:5-20
MERGED from [com.github.bumptech.glide:glide:4.6.1] AndroidManifest.xml:11:5-20
MERGED from [androidx.lifecycle:lifecycle-extensions:2.0.0-rc01] AndroidManifest.xml:22:5-23:19
MERGED from [androidx.lifecycle:lifecycle-extensions:2.0.0-rc01] AndroidManifest.xml:22:5-23:19
MERGED from [com.scwang.smartrefresh:SmartRefreshLayout:1.1.0] AndroidManifest.xml:11:5-15:19
MERGED from [com.scwang.smartrefresh:SmartRefreshLayout:1.1.0] AndroidManifest.xml:11:5-15:19
MERGED from [com.scwang.smartrefresh:SmartRefreshHeader:1.1.0] AndroidManifest.xml:11:5-15:19
MERGED from [com.scwang.smartrefresh:SmartRefreshHeader:1.1.0] AndroidManifest.xml:11:5-15:19
MERGED from [androidx.core:core:1.0.0] AndroidManifest.xml:22:5-89
MERGED from [androidx.core:core:1.0.0] AndroidManifest.xml:22:5-89
MERGED from [androidx.lifecycle:lifecycle-process:2.0.0-rc01] AndroidManifest.xml:22:5-28:19
MERGED from [androidx.lifecycle:lifecycle-process:2.0.0-rc01] AndroidManifest.xml:22:5-28:19
MERGED from [androidx.versionedparcelable:versionedparcelable:1.0.0] AndroidManifest.xml:22:5-23:19
MERGED from [androidx.versionedparcelable:versionedparcelable:1.0.0] AndroidManifest.xml:22:5-23:19
MERGED from [com.github.bumptech.glide:gifdecoder:4.6.1] AndroidManifest.xml:9:5-20
MERGED from [com.github.bumptech.glide:gifdecoder:4.6.1] AndroidManifest.xml:9:5-20
MERGED from [com.google.android.gms:play-services-location-license:11.8.0] AndroidManifest.xml:5:5-20
MERGED from [com.google.android.gms:play-services-location-license:11.8.0] AndroidManifest.xml:5:5-20
MERGED from [com.google.android.gms:play-services-base-license:11.8.0] AndroidManifest.xml:5:5-20
MERGED from [com.google.android.gms:play-services-base-license:11.8.0] AndroidManifest.xml:5:5-20
MERGED from [com.google.android.gms:play-services-basement-license:11.8.0] AndroidManifest.xml:5:5-20
MERGED from [com.google.android.gms:play-services-basement-license:11.8.0] AndroidManifest.xml:5:5-20
MERGED from [com.google.android.gms:play-services-tasks-license:11.8.0] AndroidManifest.xml:5:5-20
MERGED from [com.google.android.gms:play-services-tasks-license:11.8.0] AndroidManifest.xml:5:5-20
	android:appComponentFactory
		ADDED from [androidx.core:core:1.0.0] AndroidManifest.xml:22:18-86
	android:supportsRtl
		ADDED from src/main/AndroidManifest.xml:24:9-35
	android:label
		ADDED from src/main/AndroidManifest.xml:21:9-41
	android:hardwareAccelerated
		ADDED from src/main/AndroidManifest.xml:19:9-43
	android:windowSoftInputMode
		ADDED from src/main/AndroidManifest.xml:27:9-71
	android:roundIcon
		ADDED from src/main/AndroidManifest.xml:23:9-51
	android:largeHeap
		ADDED from src/main/AndroidManifest.xml:22:9-33
	android:icon
		ADDED from src/main/AndroidManifest.xml:20:9-46
	android:theme
		ADDED from src/main/AndroidManifest.xml:25:9-40
	android:usesCleartextTraffic
		ADDED from src/main/AndroidManifest.xml:26:9-44
	android:name
		ADDED from src/main/AndroidManifest.xml:18:9-35
activity#com.viettel.construction.screens.plan.CreatePlanActivity
ADDED from src/main/AndroidManifest.xml:28:9-78
	android:name
		ADDED from src/main/AndroidManifest.xml:28:19-66
activity#com.viettel.construction.screens.wo.DetailWOActivity
ADDED from src/main/AndroidManifest.xml:29:9-65
	android:name
		ADDED from src/main/AndroidManifest.xml:29:19-62
activity#com.viettel.construction.screens.wo.WOItemFragment
ADDED from src/main/AndroidManifest.xml:30:9-63
	android:name
		ADDED from src/main/AndroidManifest.xml:30:19-60
activity#com.viettel.construction.screens.menu_ex_warehouse.ConfirmDeliveryMultiBillCameraActivity
ADDED from src/main/AndroidManifest.xml:31:9-102
	android:name
		ADDED from src/main/AndroidManifest.xml:31:19-99
provider#androidx.core.content.FileProvider
ADDED from src/main/AndroidManifest.xml:33:9-41:20
	android:grantUriPermissions
		ADDED from src/main/AndroidManifest.xml:37:13-47
	android:authorities
		ADDED from src/main/AndroidManifest.xml:35:13-58
	android:exported
		ADDED from src/main/AndroidManifest.xml:36:13-37
	android:name
		ADDED from src/main/AndroidManifest.xml:34:13-62
meta-data#android.support.FILE_PROVIDER_PATHS
ADDED from src/main/AndroidManifest.xml:38:13-40:53
	android:resource
		ADDED from src/main/AndroidManifest.xml:40:17-50
	android:name
		ADDED from src/main/AndroidManifest.xml:39:17-67
activity#com.viettel.construction.screens.home.SplashScreenActivity
ADDED from src/main/AndroidManifest.xml:43:9-54:20
	android:screenOrientation
		ADDED from src/main/AndroidManifest.xml:46:13-49
	android:windowSoftInputMode
		ADDED from src/main/AndroidManifest.xml:48:13-52
	android:configChanges
		ADDED from src/main/AndroidManifest.xml:45:13-74
	android:theme
		ADDED from src/main/AndroidManifest.xml:47:13-53
	android:name
		ADDED from src/main/AndroidManifest.xml:44:13-62
intent-filter#action:name:android.intent.action.MAIN+category:name:android.intent.category.LAUNCHER
ADDED from src/main/AndroidManifest.xml:49:13-53:29
action#android.intent.action.MAIN
ADDED from src/main/AndroidManifest.xml:50:17-69
	android:name
		ADDED from src/main/AndroidManifest.xml:50:25-66
category#android.intent.category.LAUNCHER
ADDED from src/main/AndroidManifest.xml:52:17-77
	android:name
		ADDED from src/main/AndroidManifest.xml:52:27-74
activity#com.viettel.construction.screens.commons.SelectImagesActivity
ADDED from src/main/AndroidManifest.xml:55:9-60:55
	android:screenOrientation
		ADDED from src/main/AndroidManifest.xml:58:13-49
	android:windowSoftInputMode
		ADDED from src/main/AndroidManifest.xml:60:13-52
	android:configChanges
		ADDED from src/main/AndroidManifest.xml:57:13-74
	android:theme
		ADDED from src/main/AndroidManifest.xml:59:13-56
	android:name
		ADDED from src/main/AndroidManifest.xml:56:13-65
activity#com.viettel.construction.screens.menu_updateconstruction.UpdateConstructionDetailCameraActivity
ADDED from src/main/AndroidManifest.xml:61:9-72:20
	android:screenOrientation
		ADDED from src/main/AndroidManifest.xml:64:13-49
	android:windowSoftInputMode
		ADDED from src/main/AndroidManifest.xml:66:13-60
	android:configChanges
		ADDED from src/main/AndroidManifest.xml:63:13-74
	android:theme
		ADDED from src/main/AndroidManifest.xml:65:13-56
	android:name
		ADDED from src/main/AndroidManifest.xml:62:13-99
activity#com.viettel.construction.screens.home.LoginCameraActivity
ADDED from src/main/AndroidManifest.xml:73:9-78:63
	android:screenOrientation
		ADDED from src/main/AndroidManifest.xml:76:13-49
	android:windowSoftInputMode
		ADDED from src/main/AndroidManifest.xml:78:13-60
	android:configChanges
		ADDED from src/main/AndroidManifest.xml:75:13-74
	android:theme
		ADDED from src/main/AndroidManifest.xml:77:13-56
	android:name
		ADDED from src/main/AndroidManifest.xml:74:13-61
activity#com.viettel.construction.screens.home.HomeCameraActivity
ADDED from src/main/AndroidManifest.xml:79:9-84:55
	android:screenOrientation
		ADDED from src/main/AndroidManifest.xml:82:13-49
	android:windowSoftInputMode
		ADDED from src/main/AndroidManifest.xml:84:13-52
	android:configChanges
		ADDED from src/main/AndroidManifest.xml:81:13-74
	android:theme
		ADDED from src/main/AndroidManifest.xml:83:13-56
	android:name
		ADDED from src/main/AndroidManifest.xml:80:13-60
activity#com.viettel.construction.screens.wrac.MaterialAndEquipmentCameraActivity
ADDED from src/main/AndroidManifest.xml:85:9-90:55
	android:screenOrientation
		ADDED from src/main/AndroidManifest.xml:88:13-49
	android:windowSoftInputMode
		ADDED from src/main/AndroidManifest.xml:90:13-52
	android:configChanges
		ADDED from src/main/AndroidManifest.xml:87:13-74
	android:theme
		ADDED from src/main/AndroidManifest.xml:89:13-56
	android:name
		ADDED from src/main/AndroidManifest.xml:86:13-76
activity#com.viettel.construction.screens.commons.DetailCVCompleteCameraActivity
ADDED from src/main/AndroidManifest.xml:91:9-96:55
	android:screenOrientation
		ADDED from src/main/AndroidManifest.xml:94:13-49
	android:windowSoftInputMode
		ADDED from src/main/AndroidManifest.xml:96:13-52
	android:configChanges
		ADDED from src/main/AndroidManifest.xml:93:13-74
	android:theme
		ADDED from src/main/AndroidManifest.xml:95:13-56
	android:name
		ADDED from src/main/AndroidManifest.xml:92:13-75
activity#com.viettel.construction.screens.commons.DetailInProcessCameraActivity
ADDED from src/main/AndroidManifest.xml:97:9-101:76
	android:screenOrientation
		ADDED from src/main/AndroidManifest.xml:99:13-49
	android:windowSoftInputMode
		ADDED from src/main/AndroidManifest.xml:101:13-73
	android:theme
		ADDED from src/main/AndroidManifest.xml:100:13-56
	android:name
		ADDED from src/main/AndroidManifest.xml:98:13-74
activity#com.viettel.construction.screens.tabs.IssueDetailCameraActivity
ADDED from src/main/AndroidManifest.xml:102:9-107:55
	android:screenOrientation
		ADDED from src/main/AndroidManifest.xml:105:13-49
	android:windowSoftInputMode
		ADDED from src/main/AndroidManifest.xml:107:13-52
	android:configChanges
		ADDED from src/main/AndroidManifest.xml:104:13-74
	android:theme
		ADDED from src/main/AndroidManifest.xml:106:13-56
	android:name
		ADDED from src/main/AndroidManifest.xml:103:13-67
activity#com.viettel.construction.screens.commons.SelectConstructionCameraActivity
ADDED from src/main/AndroidManifest.xml:108:9-113:55
	android:screenOrientation
		ADDED from src/main/AndroidManifest.xml:111:13-49
	android:windowSoftInputMode
		ADDED from src/main/AndroidManifest.xml:113:13-52
	android:configChanges
		ADDED from src/main/AndroidManifest.xml:110:13-74
	android:theme
		ADDED from src/main/AndroidManifest.xml:112:13-56
	android:name
		ADDED from src/main/AndroidManifest.xml:109:13-77
activity#com.viettel.construction.screens.commons.SelectEmployeeCameraActivity
ADDED from src/main/AndroidManifest.xml:114:9-119:55
	android:screenOrientation
		ADDED from src/main/AndroidManifest.xml:117:13-49
	android:windowSoftInputMode
		ADDED from src/main/AndroidManifest.xml:119:13-52
	android:configChanges
		ADDED from src/main/AndroidManifest.xml:116:13-74
	android:theme
		ADDED from src/main/AndroidManifest.xml:118:13-56
	android:name
		ADDED from src/main/AndroidManifest.xml:115:13-73
activity#com.viettel.construction.screens.commons.DashboardCVStopReflectActivity
ADDED from src/main/AndroidManifest.xml:120:9-124:59
	android:screenOrientation
		ADDED from src/main/AndroidManifest.xml:123:13-49
	android:configChanges
		ADDED from src/main/AndroidManifest.xml:122:13-74
	android:theme
		ADDED from src/main/AndroidManifest.xml:124:13-56
	android:name
		ADDED from src/main/AndroidManifest.xml:121:13-75
activity#com.viettel.construction.screens.commons.SelectConsCategoryCameraActivity
ADDED from src/main/AndroidManifest.xml:125:9-128:55
	android:windowSoftInputMode
		ADDED from src/main/AndroidManifest.xml:128:13-52
	android:theme
		ADDED from src/main/AndroidManifest.xml:127:13-56
	android:name
		ADDED from src/main/AndroidManifest.xml:126:13-77
activity#com.viettel.construction.screens.menu_entangle.EntangleCameraActivity
ADDED from src/main/AndroidManifest.xml:129:9-134:55
	android:screenOrientation
		ADDED from src/main/AndroidManifest.xml:132:13-49
	android:windowSoftInputMode
		ADDED from src/main/AndroidManifest.xml:134:13-52
	android:configChanges
		ADDED from src/main/AndroidManifest.xml:131:13-74
	android:theme
		ADDED from src/main/AndroidManifest.xml:133:13-56
	android:name
		ADDED from src/main/AndroidManifest.xml:130:13-73
activity#com.viettel.construction.screens.menu_ex_warehouse.InventoryDetailActivity
ADDED from src/main/AndroidManifest.xml:135:9-140:55
	android:screenOrientation
		ADDED from src/main/AndroidManifest.xml:138:13-49
	android:windowSoftInputMode
		ADDED from src/main/AndroidManifest.xml:140:13-52
	android:configChanges
		ADDED from src/main/AndroidManifest.xml:137:13-74
	android:theme
		ADDED from src/main/AndroidManifest.xml:139:13-56
	android:name
		ADDED from src/main/AndroidManifest.xml:136:13-78
activity#com.viettel.construction.screens.tabs.CompleteCategoryCameraActivity
ADDED from src/main/AndroidManifest.xml:141:9-146:55
	android:screenOrientation
		ADDED from src/main/AndroidManifest.xml:144:13-49
	android:windowSoftInputMode
		ADDED from src/main/AndroidManifest.xml:146:13-52
	android:configChanges
		ADDED from src/main/AndroidManifest.xml:143:13-74
	android:theme
		ADDED from src/main/AndroidManifest.xml:145:13-56
	android:name
		ADDED from src/main/AndroidManifest.xml:142:13-72
activity#com.viettel.construction.screens.atemp.other.ViewFullImageActivity
ADDED from src/main/AndroidManifest.xml:147:9-150:52
	android:screenOrientation
		ADDED from src/main/AndroidManifest.xml:150:13-49
	android:configChanges
		ADDED from src/main/AndroidManifest.xml:149:13-74
	android:name
		ADDED from src/main/AndroidManifest.xml:148:13-70
activity#com.viettel.construction.screens.images.FullScreenAcceptanceActivity
ADDED from src/main/AndroidManifest.xml:151:9-154:52
	android:screenOrientation
		ADDED from src/main/AndroidManifest.xml:154:13-49
	android:configChanges
		ADDED from src/main/AndroidManifest.xml:153:13-74
	android:name
		ADDED from src/main/AndroidManifest.xml:152:13-72
activity#com.viettel.construction.screens.commons.CreateNewCvCameraActivity
ADDED from src/main/AndroidManifest.xml:155:9-160:55
	android:screenOrientation
		ADDED from src/main/AndroidManifest.xml:158:13-49
	android:windowSoftInputMode
		ADDED from src/main/AndroidManifest.xml:160:13-52
	android:configChanges
		ADDED from src/main/AndroidManifest.xml:157:13-74
	android:theme
		ADDED from src/main/AndroidManifest.xml:159:13-56
	android:name
		ADDED from src/main/AndroidManifest.xml:156:13-70
activity#com.viettel.construction.screens.commons.CreateNewHSHCCameraActivity
ADDED from src/main/AndroidManifest.xml:161:9-166:55
	android:screenOrientation
		ADDED from src/main/AndroidManifest.xml:164:13-49
	android:windowSoftInputMode
		ADDED from src/main/AndroidManifest.xml:166:13-52
	android:configChanges
		ADDED from src/main/AndroidManifest.xml:163:13-74
	android:theme
		ADDED from src/main/AndroidManifest.xml:165:13-56
	android:name
		ADDED from src/main/AndroidManifest.xml:162:13-72
activity#com.viettel.construction.screens.commons.CreateNewRevenueCameraActivity
ADDED from src/main/AndroidManifest.xml:167:9-172:55
	android:screenOrientation
		ADDED from src/main/AndroidManifest.xml:170:13-49
	android:windowSoftInputMode
		ADDED from src/main/AndroidManifest.xml:172:13-52
	android:configChanges
		ADDED from src/main/AndroidManifest.xml:169:13-74
	android:theme
		ADDED from src/main/AndroidManifest.xml:171:13-56
	android:name
		ADDED from src/main/AndroidManifest.xml:168:13-75
activity#com.viettel.construction.screens.commons.CreateNewCvOther2CameraActivity
ADDED from src/main/AndroidManifest.xml:173:9-178:55
	android:screenOrientation
		ADDED from src/main/AndroidManifest.xml:176:13-49
	android:windowSoftInputMode
		ADDED from src/main/AndroidManifest.xml:178:13-52
	android:configChanges
		ADDED from src/main/AndroidManifest.xml:175:13-74
	android:theme
		ADDED from src/main/AndroidManifest.xml:177:13-56
	android:name
		ADDED from src/main/AndroidManifest.xml:174:13-76
activity#com.viettel.construction.screens.atemp.other.FullScreenCompleteActivity
ADDED from src/main/AndroidManifest.xml:179:9-184:55
	android:screenOrientation
		ADDED from src/main/AndroidManifest.xml:182:13-49
	android:windowSoftInputMode
		ADDED from src/main/AndroidManifest.xml:184:13-52
	android:configChanges
		ADDED from src/main/AndroidManifest.xml:181:13-74
	android:theme
		ADDED from src/main/AndroidManifest.xml:183:13-56
	android:name
		ADDED from src/main/AndroidManifest.xml:180:13-75
activity#com.viettel.construction.screens.atemp.other.FullScreenCategoryActivity
ADDED from src/main/AndroidManifest.xml:185:9-190:55
	android:screenOrientation
		ADDED from src/main/AndroidManifest.xml:188:13-49
	android:windowSoftInputMode
		ADDED from src/main/AndroidManifest.xml:190:13-52
	android:configChanges
		ADDED from src/main/AndroidManifest.xml:187:13-74
	android:theme
		ADDED from src/main/AndroidManifest.xml:189:13-56
	android:name
		ADDED from src/main/AndroidManifest.xml:186:13-75
activity#com.viettel.construction.screens.atemp.other.FullScreenDetailEntangleActivity
ADDED from src/main/AndroidManifest.xml:191:9-196:55
	android:screenOrientation
		ADDED from src/main/AndroidManifest.xml:194:13-49
	android:windowSoftInputMode
		ADDED from src/main/AndroidManifest.xml:196:13-52
	android:configChanges
		ADDED from src/main/AndroidManifest.xml:193:13-74
	android:theme
		ADDED from src/main/AndroidManifest.xml:195:13-56
	android:name
		ADDED from src/main/AndroidManifest.xml:192:13-81
activity#com.viettel.construction.screens.wrac.ComplaintDetail2CameraActivity
ADDED from src/main/AndroidManifest.xml:197:9-202:55
	android:screenOrientation
		ADDED from src/main/AndroidManifest.xml:200:13-49
	android:windowSoftInputMode
		ADDED from src/main/AndroidManifest.xml:202:13-52
	android:configChanges
		ADDED from src/main/AndroidManifest.xml:199:13-74
	android:theme
		ADDED from src/main/AndroidManifest.xml:201:13-56
	android:name
		ADDED from src/main/AndroidManifest.xml:198:13-72
activity#com.viettel.construction.screens.wrac.ComplaintDetail3CameraActivity
ADDED from src/main/AndroidManifest.xml:203:9-208:55
	android:screenOrientation
		ADDED from src/main/AndroidManifest.xml:206:13-49
	android:windowSoftInputMode
		ADDED from src/main/AndroidManifest.xml:208:13-52
	android:configChanges
		ADDED from src/main/AndroidManifest.xml:205:13-74
	android:theme
		ADDED from src/main/AndroidManifest.xml:207:13-56
	android:name
		ADDED from src/main/AndroidManifest.xml:204:13-72
activity#com.viettel.construction.screens.menu_history_vttb.DetailHistoryActivity
ADDED from src/main/AndroidManifest.xml:209:9-214:55
	android:screenOrientation
		ADDED from src/main/AndroidManifest.xml:212:13-49
	android:windowSoftInputMode
		ADDED from src/main/AndroidManifest.xml:214:13-52
	android:configChanges
		ADDED from src/main/AndroidManifest.xml:211:13-74
	android:theme
		ADDED from src/main/AndroidManifest.xml:213:13-56
	android:name
		ADDED from src/main/AndroidManifest.xml:210:13-76
activity#com.viettel.construction.screens.commons.DetailInProcessChildCameraActivity
ADDED from src/main/AndroidManifest.xml:215:9-220:55
	android:screenOrientation
		ADDED from src/main/AndroidManifest.xml:218:13-49
	android:windowSoftInputMode
		ADDED from src/main/AndroidManifest.xml:220:13-52
	android:configChanges
		ADDED from src/main/AndroidManifest.xml:217:13-74
	android:theme
		ADDED from src/main/AndroidManifest.xml:219:13-56
	android:name
		ADDED from src/main/AndroidManifest.xml:216:13-79
activity#com.viettel.construction.screens.tabs.IssueAddNewCameraActivity
ADDED from src/main/AndroidManifest.xml:221:9-226:55
	android:screenOrientation
		ADDED from src/main/AndroidManifest.xml:224:13-49
	android:windowSoftInputMode
		ADDED from src/main/AndroidManifest.xml:226:13-52
	android:configChanges
		ADDED from src/main/AndroidManifest.xml:223:13-74
	android:theme
		ADDED from src/main/AndroidManifest.xml:225:13-56
	android:name
		ADDED from src/main/AndroidManifest.xml:222:13-67
activity#com.viettel.construction.screens.commons.DetailCVCompleteChildCameraActivity
ADDED from src/main/AndroidManifest.xml:227:9-232:55
	android:screenOrientation
		ADDED from src/main/AndroidManifest.xml:230:13-49
	android:windowSoftInputMode
		ADDED from src/main/AndroidManifest.xml:232:13-52
	android:configChanges
		ADDED from src/main/AndroidManifest.xml:229:13-74
	android:theme
		ADDED from src/main/AndroidManifest.xml:231:13-56
	android:name
		ADDED from src/main/AndroidManifest.xml:228:13-80